<?xml version="1.0" encoding="UTF-8"?>
<testng-results ignored="0" total="1" passed="1" failed="0" skipped="0">
  <reporter-output>
  </reporter-output>
  <suite started-at="2022-12-07T17:29:20 IST" name="Default suite" finished-at="2022-12-07T17:29:32 IST" duration-ms="12201">
    <groups>
    </groups>
    <test started-at="2022-12-07T17:29:20 IST" name="Default test" finished-at="2022-12-07T17:29:32 IST" duration-ms="12201">
      <class name="JenkinsProject.Snippet">
        <test-method signature="demo()[pri:0, instance:JenkinsProject.Snippet@fd07cbb]" started-at="2022-12-07T17:29:20 IST" name="demo" finished-at="2022-12-07T17:29:32 IST" duration-ms="12117" status="PASS">
          <reporter-output>
          </reporter-output>
        </test-method> <!-- demo -->
      </class> <!-- JenkinsProject.Snippet -->
    </test> <!-- Default test -->
  </suite> <!-- Default suite -->
</testng-results>
